<?xml version="1.0" encoding="UTF-8"?>
<robot generator="Robot 3.1.1 (Python 3.7.3 on win32)" generated="20190428 20:44:01.210" rpa="false">
<suite id="s1" name="testSuite" source="C:\Users\manfe\eclipse-workspace\RobotTest\Tests\testSuite.robot">
<test id="s1-t1" name="CheckingLoginPage">
<kw name="OpenBrowseInPage" type="setup">
<kw name="Open Browser" library="SeleniumLibrary">
<doc>Opens a new browser instance to the given ``url``.</doc>
<arguments>
<arg>${URL}</arg>
<arg>@{BROWSER}[0]</arg>
</arguments>
<msg timestamp="20190428 20:44:01.837" level="INFO">Opening browser 'chrome' to base url 'http://claimsfront.herokuapp.com/mx/qa/#/'.</msg>
<status status="PASS" starttime="20190428 20:44:01.837" endtime="20190428 20:44:10.055"></status>
</kw>
<kw name="Set Window Size" library="SeleniumLibrary">
<doc>Sets current windows size to given ``width`` and ``height``.</doc>
<arguments>
<arg>1366</arg>
<arg>768</arg>
</arguments>
<status status="PASS" starttime="20190428 20:44:10.055" endtime="20190428 20:44:11.183"></status>
</kw>
<kw name="Set Window Position" library="SeleniumLibrary">
<doc>Sets window position using ``x`` and ``y`` coordinates.</doc>
<arguments>
<arg>0</arg>
<arg>0</arg>
</arguments>
<status status="PASS" starttime="20190428 20:44:11.183" endtime="20190428 20:44:11.291"></status>
</kw>
<kw name="Set Browser Implicit Wait" library="SeleniumLibrary">
<doc>Sets the implicit wait value used by Selenium.</doc>
<arguments>
<arg>3</arg>
</arguments>
<status status="PASS" starttime="20190428 20:44:11.291" endtime="20190428 20:44:11.291"></status>
</kw>
<status status="PASS" starttime="20190428 20:44:01.837" endtime="20190428 20:44:11.291"></status>
</kw>
<kw name="LoginWithUser">
<kw name="Input Text" library="SeleniumLibrary">
<doc>Types the given ``text`` into text field identified by ``locator``.</doc>
<arguments>
<arg>id=documentNumber</arg>
<arg>&amp;{CREDENTIALS}[user]</arg>
</arguments>
<msg timestamp="20190428 20:44:11.295" level="INFO">Typing text '1019077858' into text field 'id=documentNumber'.</msg>
<status status="PASS" starttime="20190428 20:44:11.295" endtime="20190428 20:44:11.648"></status>
</kw>
<kw name="Input Password" library="SeleniumLibrary">
<doc>Types the given password into text field identified by ``locator``.</doc>
<arguments>
<arg>id=password</arg>
<arg>&amp;{CREDENTIALS}[password]</arg>
</arguments>
<msg timestamp="20190428 20:44:11.648" level="INFO">Typing password into text field 'id=password'.</msg>
<status status="PASS" starttime="20190428 20:44:11.648" endtime="20190428 20:44:11.891"></status>
</kw>
<kw name="Click Button" library="SeleniumLibrary">
<doc>Clicks button identified by ``locator``.</doc>
<arguments>
<arg>id=btnLoginMovil</arg>
</arguments>
<msg timestamp="20190428 20:44:11.895" level="INFO">Clicking button 'id=btnLoginMovil'.</msg>
<status status="PASS" starttime="20190428 20:44:11.895" endtime="20190428 20:44:12.111"></status>
</kw>
<status status="PASS" starttime="20190428 20:44:11.291" endtime="20190428 20:44:12.111"></status>
</kw>
<kw name="SleepPage">
<kw name="Sleep" library="BuiltIn">
<doc>Pauses the test executed for the given time.</doc>
<arguments>
<arg>5</arg>
</arguments>
<msg timestamp="20190428 20:44:17.117" level="INFO">Slept 5 seconds</msg>
<status status="PASS" starttime="20190428 20:44:12.115" endtime="20190428 20:44:17.117"></status>
</kw>
<status status="PASS" starttime="20190428 20:44:12.111" endtime="20190428 20:44:17.117"></status>
</kw>
<kw name="LogoutUser">
<kw name="Click Button" library="SeleniumLibrary">
<doc>Clicks button identified by ``locator``.</doc>
<arguments>
<arg>id=btn-bl-logout</arg>
</arguments>
<msg timestamp="20190428 20:44:17.117" level="INFO">Clicking button 'id=btn-bl-logout'.</msg>
<status status="PASS" starttime="20190428 20:44:17.117" endtime="20190428 20:44:17.427"></status>
</kw>
<status status="PASS" starttime="20190428 20:44:17.117" endtime="20190428 20:44:17.427"></status>
</kw>
<kw name="FinalLogs">
<kw name="Log" library="BuiltIn">
<doc>Logs the given message with the given level.</doc>
<arguments>
<arg>Test Completed</arg>
</arguments>
<msg timestamp="20190428 20:44:17.431" level="INFO">Test Completed</msg>
<status status="PASS" starttime="20190428 20:44:17.427" endtime="20190428 20:44:17.431"></status>
</kw>
<kw name="Log" library="BuiltIn">
<doc>Logs the given message with the given level.</doc>
<arguments>
<arg>This test was executed by %{username} on %{os}</arg>
</arguments>
<msg timestamp="20190428 20:44:17.431" level="INFO">This test was executed by manfe on Windows_NT</msg>
<status status="PASS" starttime="20190428 20:44:17.431" endtime="20190428 20:44:17.431"></status>
</kw>
<status status="PASS" starttime="20190428 20:44:17.427" endtime="20190428 20:44:17.431"></status>
</kw>
<kw name="Close Browser" library="SeleniumLibrary" type="teardown">
<doc>Closes the current browser.</doc>
<status status="PASS" starttime="20190428 20:44:17.435" endtime="20190428 20:44:20.553"></status>
</kw>
<doc>This is a sample login test</doc>
<tags>
<tag>SmokeTest</tag>
</tags>
<status status="PASS" starttime="20190428 20:44:01.837" endtime="20190428 20:44:20.553" critical="yes"></status>
</test>
<doc>Este proyecto realiza pruebas automatizadas a la aplicacion de Claims</doc>
<status status="PASS" starttime="20190428 20:44:01.210" endtime="20190428 20:44:20.553"></status>
</suite>
<statistics>
<total>
<stat pass="1" fail="0">Critical Tests</stat>
<stat pass="1" fail="0">All Tests</stat>
</total>
<tag>
<stat pass="1" fail="0">SmokeTest</stat>
</tag>
<suite>
<stat pass="1" fail="0" id="s1" name="testSuite">testSuite</stat>
</suite>
</statistics>
<errors>
</errors>
</robot>
